Terminais sem uso na gramática

   STRING
   INT
   COMMA
   COLON
   SEMICOLON
   LPAREN
   RPAREN
   LBRACK
   RBRACK
   LBRACE
   RBRACE
   DOT
   PLUS
   MINUS
   TIMES
   DIVIDE
   EQ
   NEQ
   LT
   LE
   GT
   GE
   AND
   OR
   ASSIGN
   ARRAY
   IF
   THEN
   ELSE
   WHILE
   FOR
   TO
   DO
   LET
   IN
   END
   OF
   BREAK
   NIL
   FUNCTION
   VAR
   TYPE


Gramática

    0 $accept: program $end

    1 program: exp

    2 exp: ID


Terminais, com as regras onde eles aparecem

$end (0) 0
error (256)
ID (258) 2
STRING (259)
INT (260)
COMMA (261)
COLON (262)
SEMICOLON (263)
LPAREN (264)
RPAREN (265)
LBRACK (266)
RBRACK (267)
LBRACE (268)
RBRACE (269)
DOT (270)
PLUS (271)
MINUS (272)
TIMES (273)
DIVIDE (274)
EQ (275)
NEQ (276)
LT (277)
LE (278)
GT (279)
GE (280)
AND (281)
OR (282)
ASSIGN (283)
ARRAY (284)
IF (285)
THEN (286)
ELSE (287)
WHILE (288)
FOR (289)
TO (290)
DO (291)
LET (292)
IN (293)
END (294)
OF (295)
BREAK (296)
NIL (297)
FUNCTION (298)
VAR (299)
TYPE (300)


Não terminais com as regras onde eles aparecem

$accept (46)
    à esquerda: 0
program (47)
    à esquerda: 1, à direita: 0
exp (48)
    à esquerda: 2, à direita: 1


Estado 0

    0 $accept: . program $end

    ID  deslocar, e ir ao estado 1

    program  ir ao estado 2
    exp      ir ao estado 3


Estado 1

    2 exp: ID .

    $padrão  reduzir usando a regra 2 (exp)


Estado 2

    0 $accept: program . $end

    $end  deslocar, e ir ao estado 4


Estado 3

    1 program: exp .

    $padrão  reduzir usando a regra 1 (program)


Estado 4

    0 $accept: program $end .

    $padrão  aceitar
